<?xml version="1.0" encoding="UTF-8"?>
<!-- Generated by org.testng.reporters.JUnitXMLReporter -->
<testsuite ignored="0" hostname="LAPTOP-R43TL4UE" failures="0" tests="3" name="Default test" time="44.333" errors="0" timestamp="2023-11-27T07:00:09 IST">
  <testcase classname="com.ReddifMailLoginTest.ReddifMailLoginTest" name="userNameLoginFunctionalityTest" time="1.126"/>
  <testcase classname="com.ReddifMailLoginTest.ReddifMailLoginTest" name="passwordNameLoginFunctionalityTest" time="2.839"/>
  <testcase classname="com.ReddifMailLoginTest.ReddifMailLoginTest" name="sighnInFunctionality" time="8.53"/>
</testsuite> <!-- Default test -->
