<?xml version="1.0" encoding="UTF-8"?>
<!-- Generated by org.testng.reporters.JUnitXMLReporter -->
<testsuite ignored="0" hostname="LAPTOP-R43TL4UE" failures="0" tests="3" name="Default test" time="60.562" errors="0" timestamp="2023-11-23T09:41:57 IST">
  <testcase classname="com.OHRM_TenstNG.Login_Valid_Data_ExternalFileProperties" name="logintest" time="19.295"/>
  <testcase classname="com.OHRM_TenstNG.Login_Valid_Data_ExternalFileProperties" name="wecomeadmintest" time="0.343"/>
  <testcase classname="com.OHRM_TenstNG.Login_Valid_Data_ExternalFileProperties" name="logouttest" time="3.528"/>
</testsuite> <!-- Default test -->
