<?xml version="1.0" encoding="UTF-8"?>
<!-- Generated by org.testng.reporters.JUnitXMLReporter -->
<testsuite ignored="0" hostname="LAPTOP-R43TL4UE" failures="0" tests="6" name="Test" time="27.853" errors="0" timestamp="2023-11-28T12:16:22 IST">
  <testcase classname="com.EchoEchoPageTest.EchoEchoPageTest" name="milkFunctionalityTest" time="1.209"/>
  <testcase classname="com.EchoEchoPageTest.EchoEchoPageTest" name="butterFunctionalityTest" time="0.489"/>
  <testcase classname="com.EchoEchoPageTest.EchoEchoPageTest" name="cheesFunctionalityTest" time="1.208"/>
  <testcase classname="com.EchoEchoPageTest.EchoEchoPageTest" name="waterFunctionalityTest" time="0.339"/>
  <testcase classname="com.EchoEchoPageTest.EchoEchoPageTest" name="beerFunctionalityTest" time="0.258"/>
  <testcase classname="com.EchoEchoPageTest.EchoEchoPageTest" name="wineFunctionalityTest" time="0.321"/>
</testsuite> <!-- Test -->
